2018-11-13 12:56:28 8216 [Note] Plugin 'FEDERATED' is disabled.
2018-11-13 12:56:28 8216 [Note] InnoDB: The InnoDB memory heap is disabled
2018-11-13 12:56:28 8216 [Note] InnoDB: Mutexes and rw_locks use Windows interlocked functions
2018-11-13 12:56:28 8216 [Note] InnoDB: Compressed tables use zlib 1.2.3
2018-11-13 12:56:28 8216 [Note] InnoDB: Not using CPU crc32 instructions
2018-11-13 12:56:28 8216 [Note] InnoDB: Initializing buffer pool, size = 128.0M
2018-11-13 12:56:28 8216 [Note] InnoDB: Completed initialization of buffer pool
2018-11-13 12:56:28 8216 [Note] InnoDB: Highest supported file format is Barracuda.
2018-11-13 12:56:28 8216 [Note] InnoDB: The log sequence numbers 1626134 and 1626134 in ibdata files do not match the log sequence number 1626646 in the ib_logfiles!
2018-11-13 12:56:28 8216 [Note] InnoDB: Database was not shutdown normally!
2018-11-13 12:56:28 8216 [Note] InnoDB: Starting crash recovery.
2018-11-13 12:56:28 8216 [Note] InnoDB: Reading tablespace information from the .ibd files...
2018-11-13 12:56:28 8216 [Note] InnoDB: Restoring possible half-written data pages 
2018-11-13 12:56:28 8216 [Note] InnoDB: from the doublewrite buffer...
2018-11-13 12:56:28 8216 [Note] InnoDB: 128 rollback segment(s) are active.
2018-11-13 12:56:28 8216 [Note] InnoDB: Waiting for purge to start
2018-11-13 12:56:28 8216 [Note] InnoDB: 5.6.13 started; log sequence number 1626646
2018-11-13 12:56:28 8216 [Note] Server hostname (bind-address): '*'; port: 3307
2018-11-13 12:56:28 8216 [Note] IPv6 is available.
2018-11-13 12:56:28 8216 [Note]   - '::' resolves to '::';
2018-11-13 12:56:28 8216 [Note] Server socket created on IP: '::'.
2018-11-13 12:56:28 8216 [Note] Event Scheduler: Loaded 0 events
2018-11-13 12:56:28 8216 [Note] C:\Users\s632020\Downloads\USBWebserver v8.6/mysql/bin/mysqld_usbwv8.exe: ready for connections.
Version: '5.6.13'  socket: ''  port: 3307  MySQL Community Server (GPL)
2018-11-13 13:10:07 7512 [Note] Plugin 'FEDERATED' is disabled.
2018-11-13 13:10:07 7512 [Note] InnoDB: The InnoDB memory heap is disabled
2018-11-13 13:10:07 7512 [Note] InnoDB: Mutexes and rw_locks use Windows interlocked functions
2018-11-13 13:10:07 7512 [Note] InnoDB: Compressed tables use zlib 1.2.3
2018-11-13 13:10:07 7512 [Note] InnoDB: Not using CPU crc32 instructions
2018-11-13 13:10:07 7512 [Note] InnoDB: Initializing buffer pool, size = 128.0M
2018-11-13 13:10:07 7512 [Note] InnoDB: Completed initialization of buffer pool
2018-11-13 13:10:07 7512 [Note] InnoDB: Highest supported file format is Barracuda.
2018-11-13 13:10:07 7512 [Note] InnoDB: The log sequence numbers 1626134 and 1626134 in ibdata files do not match the log sequence number 1626656 in the ib_logfiles!
2018-11-13 13:10:07 7512 [Note] InnoDB: Database was not shutdown normally!
2018-11-13 13:10:07 7512 [Note] InnoDB: Starting crash recovery.
2018-11-13 13:10:07 7512 [Note] InnoDB: Reading tablespace information from the .ibd files...
2018-11-13 13:10:07 7512 [Note] InnoDB: Restoring possible half-written data pages 
2018-11-13 13:10:07 7512 [Note] InnoDB: from the doublewrite buffer...
2018-11-13 13:10:07 7512 [Note] InnoDB: 128 rollback segment(s) are active.
2018-11-13 13:10:07 7512 [Note] InnoDB: Waiting for purge to start
2018-11-13 13:10:07 7512 [Note] InnoDB: 5.6.13 started; log sequence number 1626656
2018-11-13 13:10:07 7512 [Note] Server hostname (bind-address): '*'; port: 3307
2018-11-13 13:10:07 7512 [Note] IPv6 is available.
2018-11-13 13:10:07 7512 [Note]   - '::' resolves to '::';
2018-11-13 13:10:07 7512 [Note] Server socket created on IP: '::'.
2018-11-13 13:10:07 7512 [Note] Event Scheduler: Loaded 0 events
2018-11-13 13:10:07 7512 [Note] C:\Users\s632020\Desktop\USBWebserver v8.6/mysql/bin/mysqld_usbwv8.exe: ready for connections.
Version: '5.6.13'  socket: ''  port: 3307  MySQL Community Server (GPL)
2018-11-15 12:56:59 4588 [Note] Plugin 'FEDERATED' is disabled.
2018-11-15 12:56:59 4588 [Note] InnoDB: The InnoDB memory heap is disabled
2018-11-15 12:56:59 4588 [Note] InnoDB: Mutexes and rw_locks use Windows interlocked functions
2018-11-15 12:56:59 4588 [Note] InnoDB: Compressed tables use zlib 1.2.3
2018-11-15 12:56:59 4588 [Note] InnoDB: Not using CPU crc32 instructions
2018-11-15 12:56:59 4588 [Note] InnoDB: Initializing buffer pool, size = 128.0M
2018-11-15 12:56:59 4588 [Note] InnoDB: Completed initialization of buffer pool
2018-11-15 12:56:59 4588 [Note] InnoDB: Highest supported file format is Barracuda.
2018-11-15 12:56:59 4588 [Note] InnoDB: The log sequence numbers 1626134 and 1626134 in ibdata files do not match the log sequence number 1626666 in the ib_logfiles!
2018-11-15 12:56:59 4588 [Note] InnoDB: Database was not shutdown normally!
2018-11-15 12:56:59 4588 [Note] InnoDB: Starting crash recovery.
2018-11-15 12:56:59 4588 [Note] InnoDB: Reading tablespace information from the .ibd files...
2018-11-15 12:56:59 4588 [Note] InnoDB: Restoring possible half-written data pages 
2018-11-15 12:56:59 4588 [Note] InnoDB: from the doublewrite buffer...
2018-11-15 12:56:59 4588 [Note] InnoDB: 128 rollback segment(s) are active.
2018-11-15 12:56:59 4588 [Note] InnoDB: Waiting for purge to start
2018-11-15 12:56:59 4588 [Note] InnoDB: 5.6.13 started; log sequence number 1626666
2018-11-15 12:56:59 4588 [Note] Server hostname (bind-address): '*'; port: 3307
2018-11-15 12:56:59 4588 [Note] IPv6 is available.
2018-11-15 12:56:59 4588 [Note]   - '::' resolves to '::';
2018-11-15 12:56:59 4588 [Note] Server socket created on IP: '::'.
2018-11-15 12:57:00 4588 [Note] Event Scheduler: Loaded 0 events
2018-11-15 12:57:00 4588 [Note] C:\Users\s632020\Desktop\USBWebserver v8.6/mysql/bin/mysqld_usbwv8.exe: ready for connections.
Version: '5.6.13'  socket: ''  port: 3307  MySQL Community Server (GPL)
2018-11-26 13:23:51 5780 [Note] Plugin 'FEDERATED' is disabled.
2018-11-26 13:23:51 5780 [Note] InnoDB: The InnoDB memory heap is disabled
2018-11-26 13:23:51 5780 [Note] InnoDB: Mutexes and rw_locks use Windows interlocked functions
2018-11-26 13:23:51 5780 [Note] InnoDB: Compressed tables use zlib 1.2.3
2018-11-26 13:23:51 5780 [Note] InnoDB: Not using CPU crc32 instructions
2018-11-26 13:23:51 5780 [Note] InnoDB: Initializing buffer pool, size = 128.0M
2018-11-26 13:23:51 5780 [Note] InnoDB: Completed initialization of buffer pool
2018-11-26 13:23:51 5780 [Note] InnoDB: Highest supported file format is Barracuda.
2018-11-26 13:23:51 5780 [Note] InnoDB: The log sequence numbers 1626134 and 1626134 in ibdata files do not match the log sequence number 1626676 in the ib_logfiles!
2018-11-26 13:23:51 5780 [Note] InnoDB: Database was not shutdown normally!
2018-11-26 13:23:51 5780 [Note] InnoDB: Starting crash recovery.
2018-11-26 13:23:51 5780 [Note] InnoDB: Reading tablespace information from the .ibd files...
2018-11-26 13:23:51 5780 [Note] InnoDB: Restoring possible half-written data pages 
2018-11-26 13:23:51 5780 [Note] InnoDB: from the doublewrite buffer...
2018-11-26 13:23:51 5780 [Note] InnoDB: 128 rollback segment(s) are active.
2018-11-26 13:23:51 5780 [Note] InnoDB: Waiting for purge to start
2018-11-26 13:23:51 5780 [Note] InnoDB: 5.6.13 started; log sequence number 1626676
2018-11-26 13:23:51 5780 [Note] Server hostname (bind-address): '*'; port: 3307
2018-11-26 13:23:51 5780 [Note] IPv6 is available.
2018-11-26 13:23:51 5780 [Note]   - '::' resolves to '::';
2018-11-26 13:23:51 5780 [Note] Server socket created on IP: '::'.
2018-11-26 13:23:52 5780 [Note] Event Scheduler: Loaded 0 events
2018-11-26 13:23:52 5780 [Note] C:\Users\s632020\Desktop\USBWebserver v8.6/mysql/bin/mysqld_usbwv8.exe: ready for connections.
Version: '5.6.13'  socket: ''  port: 3307  MySQL Community Server (GPL)
2018-11-26 13:25:39 3732 [Note] Plugin 'FEDERATED' is disabled.
2018-11-26 13:25:39 3732 [Note] InnoDB: The InnoDB memory heap is disabled
2018-11-26 13:25:39 3732 [Note] InnoDB: Mutexes and rw_locks use Windows interlocked functions
2018-11-26 13:25:39 3732 [Note] InnoDB: Compressed tables use zlib 1.2.3
2018-11-26 13:25:39 3732 [Note] InnoDB: Not using CPU crc32 instructions
2018-11-26 13:25:39 3732 [Note] InnoDB: Initializing buffer pool, size = 128.0M
2018-11-26 13:25:39 3732 [Note] InnoDB: Completed initialization of buffer pool
2018-11-26 13:25:39 3732 [Note] InnoDB: Highest supported file format is Barracuda.
2018-11-26 13:25:39 3732 [Note] InnoDB: The log sequence numbers 1626134 and 1626134 in ibdata files do not match the log sequence number 1626686 in the ib_logfiles!
2018-11-26 13:25:39 3732 [Note] InnoDB: Database was not shutdown normally!
2018-11-26 13:25:39 3732 [Note] InnoDB: Starting crash recovery.
2018-11-26 13:25:39 3732 [Note] InnoDB: Reading tablespace information from the .ibd files...
2018-11-26 13:25:39 3732 [Note] InnoDB: Restoring possible half-written data pages 
2018-11-26 13:25:39 3732 [Note] InnoDB: from the doublewrite buffer...
2018-11-26 13:25:39 3732 [Note] InnoDB: 128 rollback segment(s) are active.
2018-11-26 13:25:39 3732 [Note] InnoDB: Waiting for purge to start
2018-11-26 13:25:39 3732 [Note] InnoDB: 5.6.13 started; log sequence number 1626686
2018-11-26 13:25:39 3732 [Note] Server hostname (bind-address): '*'; port: 3307
2018-11-26 13:25:39 3732 [Note] IPv6 is available.
2018-11-26 13:25:39 3732 [Note]   - '::' resolves to '::';
2018-11-26 13:25:39 3732 [Note] Server socket created on IP: '::'.
2018-11-26 13:25:39 3732 [Note] Event Scheduler: Loaded 0 events
2018-11-26 13:25:39 3732 [Note] C:\Users\s632020\Desktop\USBWebserver v8.6/mysql/bin/mysqld_usbwv8.exe: ready for connections.
Version: '5.6.13'  socket: ''  port: 3307  MySQL Community Server (GPL)
2018-11-26 13:29:54 2032 [Note] Plugin 'FEDERATED' is disabled.
2018-11-26 13:29:54 2032 [Note] InnoDB: The InnoDB memory heap is disabled
2018-11-26 13:29:54 2032 [Note] InnoDB: Mutexes and rw_locks use Windows interlocked functions
2018-11-26 13:29:54 2032 [Note] InnoDB: Compressed tables use zlib 1.2.3
2018-11-26 13:29:54 2032 [Note] InnoDB: Not using CPU crc32 instructions
2018-11-26 13:29:54 2032 [Note] InnoDB: Initializing buffer pool, size = 128.0M
2018-11-26 13:29:54 2032 [Note] InnoDB: Completed initialization of buffer pool
2018-11-26 13:29:54 2032 [Note] InnoDB: Highest supported file format is Barracuda.
2018-11-26 13:29:54 2032 [Note] InnoDB: The log sequence numbers 1626134 and 1626134 in ibdata files do not match the log sequence number 1626696 in the ib_logfiles!
2018-11-26 13:29:54 2032 [Note] InnoDB: Database was not shutdown normally!
2018-11-26 13:29:54 2032 [Note] InnoDB: Starting crash recovery.
2018-11-26 13:29:54 2032 [Note] InnoDB: Reading tablespace information from the .ibd files...
2018-11-26 13:29:54 2032 [Note] InnoDB: Restoring possible half-written data pages 
2018-11-26 13:29:54 2032 [Note] InnoDB: from the doublewrite buffer...
2018-11-26 13:29:54 2032 [Note] InnoDB: 128 rollback segment(s) are active.
2018-11-26 13:29:54 2032 [Note] InnoDB: Waiting for purge to start
2018-11-26 13:29:54 2032 [Note] InnoDB: 5.6.13 started; log sequence number 1626696
2018-11-26 13:29:54 2032 [Note] Server hostname (bind-address): '*'; port: 3307
2018-11-26 13:29:54 2032 [Note] IPv6 is available.
2018-11-26 13:29:54 2032 [Note]   - '::' resolves to '::';
2018-11-26 13:29:54 2032 [Note] Server socket created on IP: '::'.
2018-11-26 13:29:54 2032 [Note] Event Scheduler: Loaded 0 events
2018-11-26 13:29:54 2032 [Note] C:\Users\s632020\Desktop\USBWebserver v8.6/mysql/bin/mysqld_usbwv8.exe: ready for connections.
Version: '5.6.13'  socket: ''  port: 3307  MySQL Community Server (GPL)
2018-11-26 13:31:14 5520 [Note] Plugin 'FEDERATED' is disabled.
2018-11-26 13:31:14 5520 [Note] InnoDB: The InnoDB memory heap is disabled
2018-11-26 13:31:14 5520 [Note] InnoDB: Mutexes and rw_locks use Windows interlocked functions
2018-11-26 13:31:14 5520 [Note] InnoDB: Compressed tables use zlib 1.2.3
2018-11-26 13:31:14 5520 [Note] InnoDB: Not using CPU crc32 instructions
2018-11-26 13:31:14 5520 [Note] InnoDB: Initializing buffer pool, size = 128.0M
2018-11-26 13:31:14 5520 [Note] InnoDB: Completed initialization of buffer pool
2018-11-26 13:31:14 5520 [ERROR] InnoDB: C:\Users\s632020\Desktop\USBWebserver v8.6\mysql\data\ibdata1 can't be opened in read-write mode
2018-11-26 13:31:14 5520 [ERROR] InnoDB: The system tablespace must be writable!
2018-11-26 13:31:14 5520 [ERROR] Plugin 'InnoDB' init function returned error.
2018-11-26 13:31:14 5520 [ERROR] Plugin 'InnoDB' registration as a STORAGE ENGINE failed.
2018-11-26 13:31:14 5520 [ERROR] Unknown/unsupported storage engine: InnoDB
2018-11-26 13:31:14 5520 [ERROR] Aborting

2018-11-26 13:31:14 5520 [Note] Binlog end
2018-11-26 13:31:14 5520 [Note] Shutting down plugin 'partition'
2018-11-26 13:31:14 5520 [Note] Shutting down plugin 'PERFORMANCE_SCHEMA'
2018-11-26 13:31:14 5520 [Note] Shutting down plugin 'INNODB_SYS_DATAFILES'
2018-11-26 13:31:14 5520 [Note] Shutting down plugin 'INNODB_SYS_TABLESPACES'
2018-11-26 13:31:14 5520 [Note] Shutting down plugin 'INNODB_SYS_FOREIGN_COLS'
2018-11-26 13:31:14 5520 [Note] Shutting down plugin 'INNODB_SYS_FOREIGN'
2018-11-26 13:31:14 5520 [Note] Shutting down plugin 'INNODB_SYS_FIELDS'
2018-11-26 13:31:14 5520 [Note] Shutting down plugin 'INNODB_SYS_COLUMNS'
2018-11-26 13:31:14 5520 [Note] Shutting down plugin 'INNODB_SYS_INDEXES'
2018-11-26 13:31:14 5520 [Note] Shutting down plugin 'INNODB_SYS_TABLESTATS'
2018-11-26 13:31:14 5520 [Note] Shutting down plugin 'INNODB_SYS_TABLES'
2018-11-26 13:31:14 5520 [Note] Shutting down plugin 'INNODB_FT_INDEX_TABLE'
2018-11-26 13:31:14 5520 [Note] Shutting down plugin 'INNODB_FT_INDEX_CACHE'
2018-11-26 13:31:14 5520 [Note] Shutting down plugin 'INNODB_FT_CONFIG'
2018-11-26 13:31:14 5520 [Note] Shutting down plugin 'INNODB_FT_BEING_DELETED'
2018-11-26 13:31:14 5520 [Note] Shutting down plugin 'INNODB_FT_DELETED'
2018-11-26 13:31:14 5520 [Note] Shutting down plugin 'INNODB_FT_DEFAULT_STOPWORD'
2018-11-26 13:31:14 5520 [Note] Shutting down plugin 'INNODB_METRICS'
2018-11-26 13:31:14 5520 [Note] Shutting down plugin 'INNODB_BUFFER_POOL_STATS'
2018-11-26 13:31:14 5520 [Note] Shutting down plugin 'INNODB_BUFFER_PAGE_LRU'
2018-11-26 13:31:14 5520 [Note] Shutting down plugin 'INNODB_BUFFER_PAGE'
2018-11-26 13:31:14 5520 [Note] Shutting down plugin 'INNODB_CMP_PER_INDEX_RESET'
2018-11-26 13:31:14 5520 [Note] Shutting down plugin 'INNODB_CMP_PER_INDEX'
2018-11-26 13:31:14 5520 [Note] Shutting down plugin 'INNODB_CMPMEM_RESET'
2018-11-26 13:31:14 5520 [Note] Shutting down plugin 'INNODB_CMPMEM'
2018-11-26 13:31:14 5520 [Note] Shutting down plugin 'INNODB_CMP_RESET'
2018-11-26 13:31:14 5520 [Note] Shutting down plugin 'INNODB_CMP'
2018-11-26 13:31:14 5520 [Note] Shutting down plugin 'INNODB_LOCK_WAITS'
2018-11-26 13:31:14 5520 [Note] Shutting down plugin 'INNODB_LOCKS'
2018-11-26 13:31:14 5520 [Note] Shutting down plugin 'INNODB_TRX'
2018-11-26 13:31:14 5520 [Note] Shutting down plugin 'BLACKHOLE'
2018-11-26 13:31:14 5520 [Note] Shutting down plugin 'ARCHIVE'
2018-11-26 13:31:14 5520 [Note] Shutting down plugin 'MRG_MYISAM'
2018-11-26 13:31:14 5520 [Note] Shutting down plugin 'MyISAM'
2018-11-26 13:31:14 5520 [Note] Shutting down plugin 'MEMORY'
2018-11-26 13:31:14 5520 [Note] Shutting down plugin 'CSV'
2018-11-26 13:31:14 5520 [Note] Shutting down plugin 'sha256_password'
2018-11-26 13:31:14 5520 [Note] Shutting down plugin 'mysql_old_password'
2018-11-26 13:31:14 5520 [Note] Shutting down plugin 'mysql_native_password'
2018-11-26 13:31:14 5520 [Note] Shutting down plugin 'binlog'
2018-11-26 13:31:14 5520 [Note] C:\Users\s632020\Desktop\USBWebserver v8.6/mysql/bin/mysqld_usbwv8.exe: Shutdown complete

2018-11-26 13:31:33 9428 [Note] Plugin 'FEDERATED' is disabled.
2018-11-26 13:31:33 9428 [Note] InnoDB: The InnoDB memory heap is disabled
2018-11-26 13:31:33 9428 [Note] InnoDB: Mutexes and rw_locks use Windows interlocked functions
2018-11-26 13:31:33 9428 [Note] InnoDB: Compressed tables use zlib 1.2.3
2018-11-26 13:31:33 9428 [Note] InnoDB: Not using CPU crc32 instructions
2018-11-26 13:31:33 9428 [Note] InnoDB: Initializing buffer pool, size = 128.0M
2018-11-26 13:31:33 9428 [Note] InnoDB: Completed initialization of buffer pool
2018-11-26 13:31:33 9428 [Note] InnoDB: Highest supported file format is Barracuda.
2018-11-26 13:31:33 9428 [Note] InnoDB: The log sequence numbers 1626134 and 1626134 in ibdata files do not match the log sequence number 1626706 in the ib_logfiles!
2018-11-26 13:31:33 9428 [Note] InnoDB: Database was not shutdown normally!
2018-11-26 13:31:33 9428 [Note] InnoDB: Starting crash recovery.
2018-11-26 13:31:33 9428 [Note] InnoDB: Reading tablespace information from the .ibd files...
2018-11-26 13:31:33 9428 [Note] InnoDB: Restoring possible half-written data pages 
2018-11-26 13:31:33 9428 [Note] InnoDB: from the doublewrite buffer...
2018-11-26 13:31:33 9428 [Note] InnoDB: 128 rollback segment(s) are active.
2018-11-26 13:31:33 9428 [Note] InnoDB: Waiting for purge to start
2018-11-26 13:31:33 9428 [Note] InnoDB: 5.6.13 started; log sequence number 1626706
2018-11-26 13:31:33 9428 [Note] Server hostname (bind-address): '*'; port: 3307
2018-11-26 13:31:33 9428 [Note] IPv6 is available.
2018-11-26 13:31:33 9428 [Note]   - '::' resolves to '::';
2018-11-26 13:31:33 9428 [Note] Server socket created on IP: '::'.
2018-11-26 13:31:33 9428 [Note] Event Scheduler: Loaded 0 events
2018-11-26 13:31:33 9428 [Note] C:\Users\s632020\Desktop\USBWebserver v8.6/mysql/bin/mysqld_usbwv8.exe: ready for connections.
Version: '5.6.13'  socket: ''  port: 3307  MySQL Community Server (GPL)
2018-11-26 13:33:14 8460 [Note] Plugin 'FEDERATED' is disabled.
2018-11-26 13:33:14 8460 [Note] InnoDB: The InnoDB memory heap is disabled
2018-11-26 13:33:14 8460 [Note] InnoDB: Mutexes and rw_locks use Windows interlocked functions
2018-11-26 13:33:14 8460 [Note] InnoDB: Compressed tables use zlib 1.2.3
2018-11-26 13:33:14 8460 [Note] InnoDB: Not using CPU crc32 instructions
2018-11-26 13:33:14 8460 [Note] InnoDB: Initializing buffer pool, size = 128.0M
2018-11-26 13:33:14 8460 [Note] InnoDB: Completed initialization of buffer pool
2018-11-26 13:33:14 8460 [ERROR] InnoDB: C:\Users\s632020\Desktop\USBWebserver v8.6\mysql\data\ibdata1 can't be opened in read-write mode
2018-11-26 13:33:14 8460 [ERROR] InnoDB: The system tablespace must be writable!
2018-11-26 13:33:14 8460 [ERROR] Plugin 'InnoDB' init function returned error.
2018-11-26 13:33:14 8460 [ERROR] Plugin 'InnoDB' registration as a STORAGE ENGINE failed.
2018-11-26 13:33:14 8460 [ERROR] Unknown/unsupported storage engine: InnoDB
2018-11-26 13:33:14 8460 [ERROR] Aborting

2018-11-26 13:33:14 8460 [Note] Binlog end
2018-11-26 13:33:14 8460 [Note] Shutting down plugin 'partition'
2018-11-26 13:33:14 8460 [Note] Shutting down plugin 'PERFORMANCE_SCHEMA'
2018-11-26 13:33:14 8460 [Note] Shutting down plugin 'INNODB_SYS_DATAFILES'
2018-11-26 13:33:14 8460 [Note] Shutting down plugin 'INNODB_SYS_TABLESPACES'
2018-11-26 13:33:14 8460 [Note] Shutting down plugin 'INNODB_SYS_FOREIGN_COLS'
2018-11-26 13:33:14 8460 [Note] Shutting down plugin 'INNODB_SYS_FOREIGN'
2018-11-26 13:33:14 8460 [Note] Shutting down plugin 'INNODB_SYS_FIELDS'
2018-11-26 13:33:14 8460 [Note] Shutting down plugin 'INNODB_SYS_COLUMNS'
2018-11-26 13:33:14 8460 [Note] Shutting down plugin 'INNODB_SYS_INDEXES'
2018-11-26 13:33:14 8460 [Note] Shutting down plugin 'INNODB_SYS_TABLESTATS'
2018-11-26 13:33:14 8460 [Note] Shutting down plugin 'INNODB_SYS_TABLES'
2018-11-26 13:33:14 8460 [Note] Shutting down plugin 'INNODB_FT_INDEX_TABLE'
2018-11-26 13:33:14 8460 [Note] Shutting down plugin 'INNODB_FT_INDEX_CACHE'
2018-11-26 13:33:14 8460 [Note] Shutting down plugin 'INNODB_FT_CONFIG'
2018-11-26 13:33:14 8460 [Note] Shutting down plugin 'INNODB_FT_BEING_DELETED'
2018-11-26 13:33:14 8460 [Note] Shutting down plugin 'INNODB_FT_DELETED'
2018-11-26 13:33:14 8460 [Note] Shutting down plugin 'INNODB_FT_DEFAULT_STOPWORD'
2018-11-26 13:33:14 8460 [Note] Shutting down plugin 'INNODB_METRICS'
2018-11-26 13:33:14 8460 [Note] Shutting down plugin 'INNODB_BUFFER_POOL_STATS'
2018-11-26 13:33:14 8460 [Note] Shutting down plugin 'INNODB_BUFFER_PAGE_LRU'
2018-11-26 13:33:14 8460 [Note] Shutting down plugin 'INNODB_BUFFER_PAGE'
2018-11-26 13:33:14 8460 [Note] Shutting down plugin 'INNODB_CMP_PER_INDEX_RESET'
2018-11-26 13:33:14 8460 [Note] Shutting down plugin 'INNODB_CMP_PER_INDEX'
2018-11-26 13:33:14 8460 [Note] Shutting down plugin 'INNODB_CMPMEM_RESET'
2018-11-26 13:33:14 8460 [Note] Shutting down plugin 'INNODB_CMPMEM'
2018-11-26 13:33:14 8460 [Note] Shutting down plugin 'INNODB_CMP_RESET'
2018-11-26 13:33:14 8460 [Note] Shutting down plugin 'INNODB_CMP'
2018-11-26 13:33:14 8460 [Note] Shutting down plugin 'INNODB_LOCK_WAITS'
2018-11-26 13:33:14 8460 [Note] Shutting down plugin 'INNODB_LOCKS'
2018-11-26 13:33:14 8460 [Note] Shutting down plugin 'INNODB_TRX'
2018-11-26 13:33:14 8460 [Note] Shutting down plugin 'BLACKHOLE'
2018-11-26 13:33:14 8460 [Note] Shutting down plugin 'ARCHIVE'
2018-11-26 13:33:14 8460 [Note] Shutting down plugin 'MRG_MYISAM'
2018-11-26 13:33:14 8460 [Note] Shutting down plugin 'MyISAM'
2018-11-26 13:33:14 8460 [Note] Shutting down plugin 'MEMORY'
2018-11-26 13:33:14 8460 [Note] Shutting down plugin 'CSV'
2018-11-26 13:33:14 8460 [Note] Shutting down plugin 'sha256_password'
2018-11-26 13:33:14 8460 [Note] Shutting down plugin 'mysql_old_password'
2018-11-26 13:33:14 8460 [Note] Shutting down plugin 'mysql_native_password'
2018-11-26 13:33:14 8460 [Note] Shutting down plugin 'binlog'
2018-11-26 13:33:14 8460 [Note] C:\Users\s632020\Desktop\USBWebserver v8.6/mysql/bin/mysqld_usbwv8.exe: Shutdown complete

2018-11-26 13:33:39 3748 [Note] Plugin 'FEDERATED' is disabled.
2018-11-26 13:33:39 3748 [Note] InnoDB: The InnoDB memory heap is disabled
2018-11-26 13:33:39 3748 [Note] InnoDB: Mutexes and rw_locks use Windows interlocked functions
2018-11-26 13:33:39 3748 [Note] InnoDB: Compressed tables use zlib 1.2.3
2018-11-26 13:33:39 3748 [Note] InnoDB: Not using CPU crc32 instructions
2018-11-26 13:33:39 3748 [Note] InnoDB: Initializing buffer pool, size = 128.0M
2018-11-26 13:33:39 3748 [Note] InnoDB: Completed initialization of buffer pool
2018-11-26 13:33:39 3748 [Note] InnoDB: Highest supported file format is Barracuda.
2018-11-26 13:33:39 3748 [Note] InnoDB: The log sequence numbers 1626134 and 1626134 in ibdata files do not match the log sequence number 1626716 in the ib_logfiles!
2018-11-26 13:33:39 3748 [Note] InnoDB: Database was not shutdown normally!
2018-11-26 13:33:39 3748 [Note] InnoDB: Starting crash recovery.
2018-11-26 13:33:39 3748 [Note] InnoDB: Reading tablespace information from the .ibd files...
2018-11-26 13:33:39 3748 [Note] InnoDB: Restoring possible half-written data pages 
2018-11-26 13:33:39 3748 [Note] InnoDB: from the doublewrite buffer...
2018-11-26 13:33:39 3748 [Note] InnoDB: 128 rollback segment(s) are active.
2018-11-26 13:33:39 3748 [Note] InnoDB: Waiting for purge to start
2018-11-26 13:33:40 3748 [Note] InnoDB: 5.6.13 started; log sequence number 1626716
2018-11-26 13:33:40 3748 [Note] Server hostname (bind-address): '*'; port: 3307
2018-11-26 13:33:40 3748 [Note] IPv6 is available.
2018-11-26 13:33:40 3748 [Note]   - '::' resolves to '::';
2018-11-26 13:33:40 3748 [Note] Server socket created on IP: '::'.
2018-11-26 13:33:40 3748 [Note] Event Scheduler: Loaded 0 events
2018-11-26 13:33:40 3748 [Note] C:\Users\s632020\Desktop\USBWebserver v8.6/mysql/bin/mysqld_usbwv8.exe: ready for connections.
Version: '5.6.13'  socket: ''  port: 3307  MySQL Community Server (GPL)
2018-11-26 13:34:24 8344 [Note] Plugin 'FEDERATED' is disabled.
2018-11-26 13:34:24 8344 [Note] InnoDB: The InnoDB memory heap is disabled
2018-11-26 13:34:24 8344 [Note] InnoDB: Mutexes and rw_locks use Windows interlocked functions
2018-11-26 13:34:24 8344 [Note] InnoDB: Compressed tables use zlib 1.2.3
2018-11-26 13:34:24 8344 [Note] InnoDB: Not using CPU crc32 instructions
2018-11-26 13:34:24 8344 [Note] InnoDB: Initializing buffer pool, size = 128.0M
2018-11-26 13:34:24 8344 [Note] InnoDB: Completed initialization of buffer pool
2018-11-26 13:34:24 8344 [Note] InnoDB: Highest supported file format is Barracuda.
2018-11-26 13:34:24 8344 [Note] InnoDB: The log sequence numbers 1626134 and 1626134 in ibdata files do not match the log sequence number 1626726 in the ib_logfiles!
2018-11-26 13:34:24 8344 [Note] InnoDB: Database was not shutdown normally!
2018-11-26 13:34:24 8344 [Note] InnoDB: Starting crash recovery.
2018-11-26 13:34:24 8344 [Note] InnoDB: Reading tablespace information from the .ibd files...
2018-11-26 13:34:24 8344 [Note] InnoDB: Restoring possible half-written data pages 
2018-11-26 13:34:24 8344 [Note] InnoDB: from the doublewrite buffer...
2018-11-26 13:34:24 8344 [Note] InnoDB: 128 rollback segment(s) are active.
2018-11-26 13:34:24 8344 [Note] InnoDB: Waiting for purge to start
2018-11-26 13:34:24 8344 [Note] InnoDB: 5.6.13 started; log sequence number 1626726
2018-11-26 13:34:24 8344 [Note] Server hostname (bind-address): '*'; port: 3307
2018-11-26 13:34:24 8344 [Note] IPv6 is available.
2018-11-26 13:34:24 8344 [Note]   - '::' resolves to '::';
2018-11-26 13:34:24 8344 [Note] Server socket created on IP: '::'.
2018-11-26 13:34:24 8344 [Note] Event Scheduler: Loaded 0 events
2018-11-26 13:34:24 8344 [Note] C:\Users\s632020\Desktop\USBWebserver v8.6/mysql/bin/mysqld_usbwv8.exe: ready for connections.
Version: '5.6.13'  socket: ''  port: 3307  MySQL Community Server (GPL)
2018-11-26 13:35:34 5356 [Note] Plugin 'FEDERATED' is disabled.
2018-11-26 13:35:34 5356 [Note] InnoDB: The InnoDB memory heap is disabled
2018-11-26 13:35:34 5356 [Note] InnoDB: Mutexes and rw_locks use Windows interlocked functions
2018-11-26 13:35:34 5356 [Note] InnoDB: Compressed tables use zlib 1.2.3
2018-11-26 13:35:34 5356 [Note] InnoDB: Not using CPU crc32 instructions
2018-11-26 13:35:34 5356 [Note] InnoDB: Initializing buffer pool, size = 128.0M
2018-11-26 13:35:34 5356 [Note] InnoDB: Completed initialization of buffer pool
2018-11-26 13:35:34 5356 [Note] InnoDB: Highest supported file format is Barracuda.
2018-11-26 13:35:34 5356 [Note] InnoDB: The log sequence numbers 1626134 and 1626134 in ibdata files do not match the log sequence number 1626736 in the ib_logfiles!
2018-11-26 13:35:34 5356 [Note] InnoDB: Database was not shutdown normally!
2018-11-26 13:35:34 5356 [Note] InnoDB: Starting crash recovery.
2018-11-26 13:35:34 5356 [Note] InnoDB: Reading tablespace information from the .ibd files...
2018-11-26 13:35:34 5356 [Note] InnoDB: Restoring possible half-written data pages 
2018-11-26 13:35:34 5356 [Note] InnoDB: from the doublewrite buffer...
2018-11-26 13:35:34 5356 [Note] InnoDB: 128 rollback segment(s) are active.
2018-11-26 13:35:34 5356 [Note] InnoDB: Waiting for purge to start
2018-11-26 13:35:34 5356 [Note] InnoDB: 5.6.13 started; log sequence number 1626736
2018-11-26 13:35:34 5356 [Note] Server hostname (bind-address): '*'; port: 3307
2018-11-26 13:35:34 5356 [Note] IPv6 is available.
2018-11-26 13:35:34 5356 [Note]   - '::' resolves to '::';
2018-11-26 13:35:34 5356 [Note] Server socket created on IP: '::'.
2018-11-26 13:35:34 5356 [Note] Event Scheduler: Loaded 0 events
2018-11-26 13:35:34 5356 [Note] C:\Users\s632020\Desktop\USBWebserver v8.6/mysql/bin/mysqld_usbwv8.exe: ready for connections.
Version: '5.6.13'  socket: ''  port: 3307  MySQL Community Server (GPL)
2018-11-26 13:35:45 2628 [Note] Plugin 'FEDERATED' is disabled.
2018-11-26 13:35:45 2628 [Note] InnoDB: The InnoDB memory heap is disabled
2018-11-26 13:35:45 2628 [Note] InnoDB: Mutexes and rw_locks use Windows interlocked functions
2018-11-26 13:35:45 2628 [Note] InnoDB: Compressed tables use zlib 1.2.3
2018-11-26 13:35:45 2628 [Note] InnoDB: Not using CPU crc32 instructions
2018-11-26 13:35:45 2628 [Note] InnoDB: Initializing buffer pool, size = 128.0M
2018-11-26 13:35:45 2628 [Note] InnoDB: Completed initialization of buffer pool
2018-11-26 13:35:45 2628 [Note] InnoDB: Highest supported file format is Barracuda.
2018-11-26 13:35:45 2628 [Note] InnoDB: The log sequence numbers 1626134 and 1626134 in ibdata files do not match the log sequence number 1626746 in the ib_logfiles!
2018-11-26 13:35:45 2628 [Note] InnoDB: Database was not shutdown normally!
2018-11-26 13:35:45 2628 [Note] InnoDB: Starting crash recovery.
2018-11-26 13:35:45 2628 [Note] InnoDB: Reading tablespace information from the .ibd files...
2018-11-26 13:35:45 2628 [Note] InnoDB: Restoring possible half-written data pages 
2018-11-26 13:35:45 2628 [Note] InnoDB: from the doublewrite buffer...
2018-11-26 13:35:45 2628 [Note] InnoDB: 128 rollback segment(s) are active.
2018-11-26 13:35:45 2628 [Note] InnoDB: Waiting for purge to start
2018-11-26 13:35:46 2628 [Note] InnoDB: 5.6.13 started; log sequence number 1626746
2018-11-26 13:35:46 2628 [Note] Server hostname (bind-address): '*'; port: 3307
2018-11-26 13:35:46 2628 [Note] IPv6 is available.
2018-11-26 13:35:46 2628 [Note]   - '::' resolves to '::';
2018-11-26 13:35:46 2628 [Note] Server socket created on IP: '::'.
2018-11-26 13:35:46 2628 [Note] Event Scheduler: Loaded 0 events
2018-11-26 13:35:46 2628 [Note] C:\Users\s632020\Desktop\USBWebserver v8.6/mysql/bin/mysqld_usbwv8.exe: ready for connections.
Version: '5.6.13'  socket: ''  port: 3307  MySQL Community Server (GPL)
2018-11-26 13:36:38 7256 [Note] Plugin 'FEDERATED' is disabled.
2018-11-26 13:36:38 7256 [Note] InnoDB: The InnoDB memory heap is disabled
2018-11-26 13:36:38 7256 [Note] InnoDB: Mutexes and rw_locks use Windows interlocked functions
2018-11-26 13:36:38 7256 [Note] InnoDB: Compressed tables use zlib 1.2.3
2018-11-26 13:36:38 7256 [Note] InnoDB: Not using CPU crc32 instructions
2018-11-26 13:36:38 7256 [Note] InnoDB: Initializing buffer pool, size = 128.0M
2018-11-26 13:36:38 7256 [Note] InnoDB: Completed initialization of buffer pool
2018-11-26 13:36:38 7256 [Note] InnoDB: Highest supported file format is Barracuda.
2018-11-26 13:36:38 7256 [Note] InnoDB: The log sequence numbers 1626134 and 1626134 in ibdata files do not match the log sequence number 1626756 in the ib_logfiles!
2018-11-26 13:36:38 7256 [Note] InnoDB: Database was not shutdown normally!
2018-11-26 13:36:38 7256 [Note] InnoDB: Starting crash recovery.
2018-11-26 13:36:38 7256 [Note] InnoDB: Reading tablespace information from the .ibd files...
2018-11-26 13:36:38 7256 [Note] InnoDB: Restoring possible half-written data pages 
2018-11-26 13:36:38 7256 [Note] InnoDB: from the doublewrite buffer...
2018-11-26 13:36:38 7256 [Note] InnoDB: 128 rollback segment(s) are active.
2018-11-26 13:36:38 7256 [Note] InnoDB: Waiting for purge to start
2018-11-26 13:36:38 7256 [Note] InnoDB: 5.6.13 started; log sequence number 1626756
2018-11-26 13:36:38 7256 [Note] Server hostname (bind-address): '*'; port: 3307
2018-11-26 13:36:38 7256 [Note] IPv6 is available.
2018-11-26 13:36:38 7256 [Note]   - '::' resolves to '::';
2018-11-26 13:36:38 7256 [Note] Server socket created on IP: '::'.
2018-11-26 13:36:38 7256 [Note] Event Scheduler: Loaded 0 events
2018-11-26 13:36:38 7256 [Note] C:\Users\s632020\Documents\GitHub\Snaked-Game/mysql/bin/mysqld_usbwv8.exe: ready for connections.
Version: '5.6.13'  socket: ''  port: 3307  MySQL Community Server (GPL)
2018-11-28 13:07:15 3644 [Note] Plugin 'FEDERATED' is disabled.
2018-11-28 13:07:15 3644 [Note] InnoDB: The InnoDB memory heap is disabled
2018-11-28 13:07:15 3644 [Note] InnoDB: Mutexes and rw_locks use Windows interlocked functions
2018-11-28 13:07:15 3644 [Note] InnoDB: Compressed tables use zlib 1.2.3
2018-11-28 13:07:15 3644 [Note] InnoDB: Not using CPU crc32 instructions
2018-11-28 13:07:15 3644 [Note] InnoDB: Initializing buffer pool, size = 128.0M
2018-11-28 13:07:15 3644 [Note] InnoDB: Completed initialization of buffer pool
2018-11-28 13:07:15 3644 [Note] InnoDB: Highest supported file format is Barracuda.
2018-11-28 13:07:15 3644 [Note] InnoDB: The log sequence numbers 1626134 and 1626134 in ibdata files do not match the log sequence number 1626776 in the ib_logfiles!
2018-11-28 13:07:15 3644 [Note] InnoDB: Database was not shutdown normally!
2018-11-28 13:07:15 3644 [Note] InnoDB: Starting crash recovery.
2018-11-28 13:07:15 3644 [Note] InnoDB: Reading tablespace information from the .ibd files...
2018-11-28 13:07:15 3644 [Note] InnoDB: Restoring possible half-written data pages 
2018-11-28 13:07:15 3644 [Note] InnoDB: from the doublewrite buffer...
2018-11-28 13:07:15 3644 [Note] InnoDB: 128 rollback segment(s) are active.
2018-11-28 13:07:15 3644 [Note] InnoDB: Waiting for purge to start
2018-11-28 13:07:15 3644 [Note] InnoDB: 5.6.13 started; log sequence number 1626776
2018-11-28 13:07:15 3644 [Note] Server hostname (bind-address): '*'; port: 3307
2018-11-28 13:07:15 3644 [Note] IPv6 is available.
2018-11-28 13:07:15 3644 [Note]   - '::' resolves to '::';
2018-11-28 13:07:15 3644 [Note] Server socket created on IP: '::'.
2018-11-28 13:07:16 3644 [Note] Event Scheduler: Loaded 0 events
2018-11-28 13:07:16 3644 [Note] C:\Users\s632020\Documents\GitHub\Snaked-Game/mysql/bin/mysqld_usbwv8.exe: ready for connections.
Version: '5.6.13'  socket: ''  port: 3307  MySQL Community Server (GPL)
2018-11-28 13:09:56 5032 [Note] Plugin 'FEDERATED' is disabled.
2018-11-28 13:09:56 5032 [Note] InnoDB: The InnoDB memory heap is disabled
2018-11-28 13:09:56 5032 [Note] InnoDB: Mutexes and rw_locks use Windows interlocked functions
2018-11-28 13:09:56 5032 [Note] InnoDB: Compressed tables use zlib 1.2.3
2018-11-28 13:09:56 5032 [Note] InnoDB: Not using CPU crc32 instructions
2018-11-28 13:09:56 5032 [Note] InnoDB: Initializing buffer pool, size = 128.0M
2018-11-28 13:09:56 5032 [Note] InnoDB: Completed initialization of buffer pool
2018-11-28 13:09:56 5032 [Note] InnoDB: Highest supported file format is Barracuda.
2018-11-28 13:09:56 5032 [Note] InnoDB: The log sequence numbers 1626134 and 1626134 in ibdata files do not match the log sequence number 1626786 in the ib_logfiles!
2018-11-28 13:09:56 5032 [Note] InnoDB: Database was not shutdown normally!
2018-11-28 13:09:56 5032 [Note] InnoDB: Starting crash recovery.
2018-11-28 13:09:56 5032 [Note] InnoDB: Reading tablespace information from the .ibd files...
2018-11-28 13:09:56 5032 [Note] InnoDB: Restoring possible half-written data pages 
2018-11-28 13:09:56 5032 [Note] InnoDB: from the doublewrite buffer...
2018-11-28 13:09:56 5032 [Note] InnoDB: 128 rollback segment(s) are active.
2018-11-28 13:09:56 5032 [Note] InnoDB: Waiting for purge to start
2018-11-28 13:09:56 5032 [Note] InnoDB: 5.6.13 started; log sequence number 1626786
2018-11-28 13:09:56 5032 [Note] Server hostname (bind-address): '*'; port: 3307
2018-11-28 13:09:56 5032 [Note] IPv6 is available.
2018-11-28 13:09:56 5032 [Note]   - '::' resolves to '::';
2018-11-28 13:09:56 5032 [Note] Server socket created on IP: '::'.
2018-11-28 13:09:56 5032 [Note] Event Scheduler: Loaded 0 events
2018-11-28 13:09:56 5032 [Note] C:\Users\s632020\Documents\GitHub\Snaked-Game/mysql/bin/mysqld_usbwv8.exe: ready for connections.
Version: '5.6.13'  socket: ''  port: 3307  MySQL Community Server (GPL)
2018-11-30 12:52:22 4976 [Note] Plugin 'FEDERATED' is disabled.
2018-11-30 12:52:22 4976 [Note] InnoDB: The InnoDB memory heap is disabled
2018-11-30 12:52:22 4976 [Note] InnoDB: Mutexes and rw_locks use Windows interlocked functions
2018-11-30 12:52:22 4976 [Note] InnoDB: Compressed tables use zlib 1.2.3
2018-11-30 12:52:22 4976 [Note] InnoDB: Not using CPU crc32 instructions
2018-11-30 12:52:22 4976 [Note] InnoDB: Initializing buffer pool, size = 128.0M
2018-11-30 12:52:22 4976 [Note] InnoDB: Completed initialization of buffer pool
2018-11-30 12:52:22 4976 [Note] InnoDB: Highest supported file format is Barracuda.
2018-11-30 12:52:22 4976 [Note] InnoDB: The log sequence numbers 1626134 and 1626134 in ibdata files do not match the log sequence number 1626796 in the ib_logfiles!
2018-11-30 12:52:22 4976 [Note] InnoDB: Database was not shutdown normally!
2018-11-30 12:52:22 4976 [Note] InnoDB: Starting crash recovery.
2018-11-30 12:52:22 4976 [Note] InnoDB: Reading tablespace information from the .ibd files...
2018-11-30 12:52:22 4976 [Note] InnoDB: Restoring possible half-written data pages 
2018-11-30 12:52:22 4976 [Note] InnoDB: from the doublewrite buffer...
2018-11-30 12:52:22 4976 [Note] InnoDB: 128 rollback segment(s) are active.
2018-11-30 12:52:22 4976 [Note] InnoDB: Waiting for purge to start
2018-11-30 12:52:22 4976 [Note] InnoDB: 5.6.13 started; log sequence number 1626796
2018-11-30 12:52:22 4976 [Note] Server hostname (bind-address): '*'; port: 3307
2018-11-30 12:52:22 4976 [Note] IPv6 is available.
2018-11-30 12:52:22 4976 [Note]   - '::' resolves to '::';
2018-11-30 12:52:22 4976 [Note] Server socket created on IP: '::'.
2018-11-30 12:52:23 4976 [Note] Event Scheduler: Loaded 0 events
2018-11-30 12:52:23 4976 [Note] C:\Users\s632020\Documents\GitHub\Snaked-Game/mysql/bin/mysqld_usbwv8.exe: ready for connections.
Version: '5.6.13'  socket: ''  port: 3307  MySQL Community Server (GPL)
2018-11-30 13:51:21 364 [Note] Plugin 'FEDERATED' is disabled.
2018-11-30 13:51:21 364 [Note] InnoDB: The InnoDB memory heap is disabled
2018-11-30 13:51:21 364 [Note] InnoDB: Mutexes and rw_locks use Windows interlocked functions
2018-11-30 13:51:21 364 [Note] InnoDB: Compressed tables use zlib 1.2.3
2018-11-30 13:51:21 364 [Note] InnoDB: Not using CPU crc32 instructions
2018-11-30 13:51:21 364 [Note] InnoDB: Initializing buffer pool, size = 128.0M
2018-11-30 13:51:21 364 [Note] InnoDB: Completed initialization of buffer pool
2018-11-30 13:51:21 364 [Note] InnoDB: Highest supported file format is Barracuda.
2018-11-30 13:51:21 364 [Note] InnoDB: The log sequence numbers 1626134 and 1626134 in ibdata files do not match the log sequence number 1626806 in the ib_logfiles!
2018-11-30 13:51:21 364 [Note] InnoDB: Database was not shutdown normally!
2018-11-30 13:51:21 364 [Note] InnoDB: Starting crash recovery.
2018-11-30 13:51:21 364 [Note] InnoDB: Reading tablespace information from the .ibd files...
2018-11-30 13:51:21 364 [Note] InnoDB: Restoring possible half-written data pages 
2018-11-30 13:51:21 364 [Note] InnoDB: from the doublewrite buffer...
2018-11-30 13:51:21 364 [Note] InnoDB: 128 rollback segment(s) are active.
2018-11-30 13:51:21 364 [Note] InnoDB: Waiting for purge to start
2018-11-30 13:51:21 364 [Note] InnoDB: 5.6.13 started; log sequence number 1626806
2018-11-30 13:51:21 364 [Note] Server hostname (bind-address): '*'; port: 3307
2018-11-30 13:51:21 364 [Note] IPv6 is available.
2018-11-30 13:51:21 364 [Note]   - '::' resolves to '::';
2018-11-30 13:51:21 364 [Note] Server socket created on IP: '::'.
2018-11-30 13:51:21 364 [Note] Event Scheduler: Loaded 0 events
2018-11-30 13:51:21 364 [Note] C:\Users\s632020\Documents\GitHub\Snaked-Game/mysql/bin/mysqld_usbwv8.exe: ready for connections.
Version: '5.6.13'  socket: ''  port: 3307  MySQL Community Server (GPL)
