2018-11-12 10:48:50 8568 [Note] Plugin 'FEDERATED' is disabled.
2018-11-12 10:48:50 8568 [Note] InnoDB: The InnoDB memory heap is disabled
2018-11-12 10:48:50 8568 [Note] InnoDB: Mutexes and rw_locks use Windows interlocked functions
2018-11-12 10:48:50 8568 [Note] InnoDB: Compressed tables use zlib 1.2.3
2018-11-12 10:48:50 8568 [Note] InnoDB: Not using CPU crc32 instructions
2018-11-12 10:48:50 8568 [Note] InnoDB: Initializing buffer pool, size = 128.0M
2018-11-12 10:48:50 8568 [Note] InnoDB: Completed initialization of buffer pool
2018-11-12 10:48:50 8568 [Note] InnoDB: Setting log file C:\Users\e135527\Downloads\USBWebserver v8.6\mysql\data\ib_logfile101 size to 5 MB
2018-11-12 10:48:50 8568 [Note] InnoDB: Setting log file C:\Users\e135527\Downloads\USBWebserver v8.6\mysql\data\ib_logfile1 size to 5 MB
2018-11-12 10:48:50 8568 [Note] InnoDB: Renaming log file C:\Users\e135527\Downloads\USBWebserver v8.6\mysql\data\ib_logfile101 to C:\Users\e135527\Downloads\USBWebserver v8.6\mysql\data\ib_logfile0
2018-11-12 10:48:50 8568 [Warning] InnoDB: New log files created, LSN=1626134
2018-11-12 10:48:50 8568 [Note] InnoDB: Highest supported file format is Barracuda.
2018-11-12 10:48:50 8568 [Note] InnoDB: 128 rollback segment(s) are active.
2018-11-12 10:48:50 8568 [Note] InnoDB: Waiting for purge to start
2018-11-12 10:48:50 8568 [Note] InnoDB: 5.6.13 started; log sequence number 1626636
2018-11-12 10:48:50 8568 [Warning] No existing UUID has been found, so we assume that this is the first time that this server has been started. Generating a new UUID: d519ee01-e69a-11e8-bd42-a434d9972939.
2018-11-12 10:48:50 8568 [Note] Server hostname (bind-address): '*'; port: 3307
2018-11-12 10:48:50 8568 [Note] IPv6 is available.
2018-11-12 10:48:50 8568 [Note]   - '::' resolves to '::';
2018-11-12 10:48:50 8568 [Note] Server socket created on IP: '::'.
2018-11-12 10:48:51 8568 [Note] Event Scheduler: Loaded 0 events
2018-11-12 10:48:51 8568 [Note] C:\Users\e135527\Downloads\USBWebserver v8.6/mysql/bin/mysqld_usbwv8.exe: ready for connections.
Version: '5.6.13'  socket: ''  port: 3307  MySQL Community Server (GPL)
