2018-11-30 13:33:24 5104 [Note] Plugin 'FEDERATED' is disabled.
2018-11-30 13:33:24 5104 [Note] InnoDB: The InnoDB memory heap is disabled
2018-11-30 13:33:24 5104 [Note] InnoDB: Mutexes and rw_locks use Windows interlocked functions
2018-11-30 13:33:24 5104 [Note] InnoDB: Compressed tables use zlib 1.2.3
2018-11-30 13:33:24 5104 [Note] InnoDB: Not using CPU crc32 instructions
2018-11-30 13:33:24 5104 [Note] InnoDB: Initializing buffer pool, size = 128.0M
2018-11-30 13:33:24 5104 [Note] InnoDB: Completed initialization of buffer pool
2018-11-30 13:33:24 5104 [Note] InnoDB: Highest supported file format is Barracuda.
2018-11-30 13:33:24 5104 [Note] InnoDB: The log sequence numbers 1626134 and 1626134 in ibdata files do not match the log sequence number 1626796 in the ib_logfiles!
2018-11-30 13:33:24 5104 [Note] InnoDB: Database was not shutdown normally!
2018-11-30 13:33:24 5104 [Note] InnoDB: Starting crash recovery.
2018-11-30 13:33:24 5104 [Note] InnoDB: Reading tablespace information from the .ibd files...
2018-11-30 13:33:24 5104 [Note] InnoDB: Restoring possible half-written data pages 
2018-11-30 13:33:24 5104 [Note] InnoDB: from the doublewrite buffer...
2018-11-30 13:33:24 5104 [Note] InnoDB: 128 rollback segment(s) are active.
2018-11-30 13:33:24 5104 [Note] InnoDB: Waiting for purge to start
2018-11-30 13:33:24 5104 [Note] InnoDB: 5.6.13 started; log sequence number 1626796
2018-11-30 13:33:24 5104 [Note] Server hostname (bind-address): '*'; port: 3307
2018-11-30 13:33:24 5104 [Note] IPv6 is available.
2018-11-30 13:33:24 5104 [Note]   - '::' resolves to '::';
2018-11-30 13:33:24 5104 [Note] Server socket created on IP: '::'.
2018-11-30 13:33:25 5104 [Note] Event Scheduler: Loaded 0 events
2018-11-30 13:33:25 5104 [Note] C:\Users\s126497\Documents\GitHub\Snaked-Game/mysql/bin/mysqld_usbwv8.exe: ready for connections.
Version: '5.6.13'  socket: ''  port: 3307  MySQL Community Server (GPL)
2018-11-30 14:16:42 2236 [Note] Plugin 'FEDERATED' is disabled.
2018-11-30 14:16:42 2236 [Note] InnoDB: The InnoDB memory heap is disabled
2018-11-30 14:16:42 2236 [Note] InnoDB: Mutexes and rw_locks use Windows interlocked functions
2018-11-30 14:16:42 2236 [Note] InnoDB: Compressed tables use zlib 1.2.3
2018-11-30 14:16:42 2236 [Note] InnoDB: Not using CPU crc32 instructions
2018-11-30 14:16:42 2236 [Note] InnoDB: Initializing buffer pool, size = 128.0M
2018-11-30 14:16:42 2236 [Note] InnoDB: Completed initialization of buffer pool
2018-11-30 14:16:42 2236 [Note] InnoDB: Highest supported file format is Barracuda.
2018-11-30 14:16:42 2236 [Note] InnoDB: The log sequence numbers 1626134 and 1626134 in ibdata files do not match the log sequence number 1626806 in the ib_logfiles!
2018-11-30 14:16:42 2236 [Note] InnoDB: Database was not shutdown normally!
2018-11-30 14:16:42 2236 [Note] InnoDB: Starting crash recovery.
2018-11-30 14:16:42 2236 [Note] InnoDB: Reading tablespace information from the .ibd files...
2018-11-30 14:16:42 2236 [Note] InnoDB: Restoring possible half-written data pages 
2018-11-30 14:16:42 2236 [Note] InnoDB: from the doublewrite buffer...
2018-11-30 14:16:43 2236 [Note] InnoDB: 128 rollback segment(s) are active.
2018-11-30 14:16:43 2236 [Note] InnoDB: Waiting for purge to start
2018-11-30 14:16:43 2236 [Note] InnoDB: 5.6.13 started; log sequence number 1626806
2018-11-30 14:16:43 2236 [Note] Server hostname (bind-address): '*'; port: 3307
2018-11-30 14:16:43 2236 [Note] IPv6 is available.
2018-11-30 14:16:43 2236 [Note]   - '::' resolves to '::';
2018-11-30 14:16:43 2236 [Note] Server socket created on IP: '::'.
2018-11-30 14:16:43 2236 [Note] Event Scheduler: Loaded 0 events
2018-11-30 14:16:43 2236 [Note] C:\Users\s126497\Documents\GitHub\Snaked-Game/mysql/bin/mysqld_usbwv8.exe: ready for connections.
Version: '5.6.13'  socket: ''  port: 3307  MySQL Community Server (GPL)
2018-12-06 13:56:46 9200 [Note] Plugin 'FEDERATED' is disabled.
2018-12-06 13:56:46 9200 [Note] InnoDB: The InnoDB memory heap is disabled
2018-12-06 13:56:46 9200 [Note] InnoDB: Mutexes and rw_locks use Windows interlocked functions
2018-12-06 13:56:46 9200 [Note] InnoDB: Compressed tables use zlib 1.2.3
2018-12-06 13:56:46 9200 [Note] InnoDB: Not using CPU crc32 instructions
2018-12-06 13:56:46 9200 [Note] InnoDB: Initializing buffer pool, size = 128.0M
2018-12-06 13:56:46 9200 [Note] InnoDB: Completed initialization of buffer pool
2018-12-06 13:56:46 9200 [Note] InnoDB: Highest supported file format is Barracuda.
2018-12-06 13:56:46 9200 [Note] InnoDB: The log sequence numbers 1626134 and 1626134 in ibdata files do not match the log sequence number 1626816 in the ib_logfiles!
2018-12-06 13:56:46 9200 [Note] InnoDB: Database was not shutdown normally!
2018-12-06 13:56:46 9200 [Note] InnoDB: Starting crash recovery.
2018-12-06 13:56:46 9200 [Note] InnoDB: Reading tablespace information from the .ibd files...
2018-12-06 13:56:46 9200 [Note] InnoDB: Restoring possible half-written data pages 
2018-12-06 13:56:46 9200 [Note] InnoDB: from the doublewrite buffer...
2018-12-06 13:56:46 9200 [Note] InnoDB: 128 rollback segment(s) are active.
2018-12-06 13:56:46 9200 [Note] InnoDB: Waiting for purge to start
2018-12-06 13:56:46 9200 [Note] InnoDB: 5.6.13 started; log sequence number 1626816
2018-12-06 13:56:46 9200 [Note] Server hostname (bind-address): '*'; port: 3307
2018-12-06 13:56:46 9200 [Note] IPv6 is available.
2018-12-06 13:56:46 9200 [Note]   - '::' resolves to '::';
2018-12-06 13:56:46 9200 [Note] Server socket created on IP: '::'.
2018-12-06 13:56:46 9200 [ERROR] Fatal error: Can't open and lock privilege tables: Can't find file: 'user' (errno: 2 - No such file or directory)
